VALIDATION FAILURE - Frontend TypeScript Compilation (Attempt 1/100)

The project validation failed at the "Frontend TypeScript Compilation" step. You need to analyze the error and fix it.

## Error Details:
src/App.tsx(11,23): error TS2307: Cannot find module '@/components/views/GV_TopNav' or its corresponding type declarations.
src/App.tsx(12,23): error TS2307: Cannot find module '@/components/views/GV_Footer' or its corresponding type declarations.
src/App.tsx(13,26): error TS2307: Cannot find module '@/components/views/GV_MobileNav' or its corresponding type declarations.
src/App.tsx(14,34): error TS2307: Cannot find module '@/components/views/GV_NotificationToast' or its corresponding type declarations.
src/App.tsx(15,31): error TS2307: Cannot find module '@/components/views/GV_LoadingOverlay' or its corresponding type declarations.
src/App.tsx(16,27): error TS2307: Cannot find module '@/components/views/GV_ErrorModal' or its corresponding type declarations.
src/App.tsx(19,24): error TS2307: Cannot find module '@/components/views/UV_Landing' or its corresponding type declarations.
src/App.tsx(20,42): error TS2307: Cannot find module '@/components/views/UV_BookingFlow_ServiceSelect' or its corresponding type declarations.
src/App.tsx(21,39): error TS2307: Cannot find module '@/components/views/UV_BookingFlow_DateSelect' or its corresponding type declarations.
src/App.tsx(22,39): error TS2307: Cannot find module '@/components/views/UV_BookingFlow_TimeSelect' or its corresponding type declarations.
src/App.tsx(23,36): error TS2307: Cannot find module '@/components/views/UV_BookingFlow_Details' or its corresponding type declarations.
src/App.tsx(24,35): error TS2307: Cannot find module '@/components/views/UV_BookingFlow_Review' or its corresponding type declarations.
src/App.tsx(25,36): error TS2307: Cannot find module '@/components/views/UV_BookingConfirmation' or its corresponding type declarations.
src/App.tsx(26,30): error TS2307: Cannot find module '@/components/views/UV_BookingSearch' or its corresponding type declarations.
src/App.tsx(27,31): error TS2307: Cannot find module '@/components/views/UV_BookingDetails' or its corresponding type declarations.
src/App.tsx(28,24): error TS2307: Cannot find module '@/components/views/UV_Gallery' or its corresponding type declarations.
src/App.tsx(29,29): error TS2307: Cannot find module '@/components/views/UV_Registration' or its corresponding type declarations.
src/App.tsx(31,41): error TS2307: Cannot find module '@/components/views/UV_EmailVerificationPending' or its corresponding type declarations.
src/App.tsx(32,41): error TS2307: Cannot find module '@/components/views/UV_EmailVerificationSuccess' or its corresponding type declarations.
src/App.tsx(33,37): error TS2307: Cannot find module '@/components/views/UV_PasswordResetRequest' or its corresponding type declarations.
src/App.tsx(34,34): error TS2307: Cannot find module '@/components/views/UV_PasswordResetForm' or its corresponding type declarations.
src/App.tsx(35,37): error TS2307: Cannot find module '@/components/views/UV_PasswordResetSuccess' or its corresponding type declarations.
src/App.tsx(38,30): error TS2307: Cannot find module '@/components/views/UV_UserDashboard' or its corresponding type declarations.
src/App.tsx(39,28): error TS2307: Cannot find module '@/components/views/UV_UserProfile' or its corresponding type declarations.
src/App.tsx(42,27): error TS2307: Cannot find module '@/components/views/UV_AdminLogin' or its corresponding type declarations.
src/App.tsx(43,35): error TS2307: Cannot find module '@/components/views/UV_AdminDashboardHome' or its corresponding type declarations.
src/App.tsx(44,38): error TS2307: Cannot find module '@/components/views/UV_AdminBookingsCalendar' or its corresponding type declarations.
src/App.tsx(45,34): error TS2307: Cannot find module '@/components/views/UV_AdminBookingsList' or its corresponding type declarations.
src/App.tsx(46,35): error TS2307: Cannot find module '@/components/views/UV_AdminBookingDetail' or its corresponding type declarations.
src/App.tsx(47,32): error TS2307: Cannot find module '@/components/views/UV_AdminAddBooking' or its corresponding type declarations.
src/App.tsx(48,38): error TS2307: Cannot find module '@/components/views/UV_AdminCapacitySettings' or its corresponding type declarations.
src/App.tsx(49,38): error TS2307: Cannot find module '@/components/views/UV_AdminBlockingSettings' or its corresponding type declarations.
src/App.tsx(50,35): error TS2307: Cannot find module '@/components/views/UV_AdminGalleryManage' or its corresponding type declarations.
src/App.tsx(51,35): error TS2307: Cannot find module '@/components/views/UV_AdminGalleryUpload' or its corresponding type declarations.
src/App.tsx(52,34): error TS2307: Cannot find module '@/components/views/UV_AdminCustomerList' or its corresponding type declarations.
src/App.tsx(53,36): error TS2307: Cannot find module '@/components/views/UV_AdminCustomerDetail' or its corresponding type declarations.
src/App.tsx(54,30): error TS2307: Cannot find module '@/components/views/UV_AdminSettings' or its corresponding type declarations.
src/App.tsx(55,29): error TS2307: Cannot find module '@/components/views/UV_AdminReports' or its corresponding type declarations.
src/components/views/UV_Dashboard.tsx(10,49): error TS2339: Property 'logout_user' does not exist on type 'AppState'.
src/components/views/UV_Login.tsx(26,15): error TS2554: Expected 4 arguments, but got 3.
src/store/main.tsx(188,16): error TS6133: 'state' is declared but its value is never read.
src/store/main.tsx(203,16): error TS6133: 'state' is declared but its value is never read.
src/store/main.tsx(262,16): error TS6133: 'state' is declared but its value is never read.
src/store/main.tsx(279,16): error TS6133: 'state' is declared but its value is never read.
src/store/main.tsx(316,17): error TS6133: 'mapped_user' is declared but its value is never read.
src/store/main.tsx(407,16): error TS6133: 'state' is declared but its value is never read.


## Validation Context:
- Step: Frontend TypeScript Compilation
- Working Directory: /app/vitereact
- Attempt: 1/100
- Previous failures for this step: 1

## Project Memory Summary:
- Total validation attempts: 4
- Common issues encountered: None
- Known dependencies: @hookform/resolvers, @radix-ui/react-accordion, @radix-ui/react-alert-dialog, @radix-ui/react-aspect-ratio, @radix-ui/react-avatar, @radix-ui/react-checkbox, @radix-ui/react-collapsible, @radix-ui/react-context-menu, @radix-ui/react-dialog, @radix-ui/react-dropdown-menu
- Missing dependencies: None

## Project Structure:
FULL PROJECT STRUCTURE CONTEXT for Agent:
=====================================

Working Directory: /app/vitereact

PROJECT DIRECTORIES:
/app
/app/.git
/app/.git/branches
/app/.git/info
/app/.git/hooks
/app/.git/refs
/app/.git/refs/heads
/app/.git/refs/tags
/app/.git/refs/remotes
/app/.git/objects
/app/.git/objects/pack
/app/.git/objects/info
/app/.git/objects/dc
/app/.git/objects/0b
/app/.git/objects/07
/app/.git/objects/14
/app/.git/logs
/app/.git/logs/refs
/app/backend
/app/backend/dist


KEY PROJECT FILES:
/app/README.md
/app/backend/initdb.js
/app/backend/jest.config.ts
/app/backend/package-lock.json
/app/backend/package.json
/app/backend/schema.ts
/app/backend/server.test.ts
/app/backend/server.ts
/app/backend/tsconfig.json
/app/exports/1762211365540.json
/app/exports/1762211842268.json
/app/exports/1762211904074.json
/app/exports/1762211906456.json
/app/exports/1762211910848.json
/app/exports/1762211913605.json
/app/exports/1762211915507.json
/app/exports/1762211917538.json
/app/exports/1762211919849.json
/app/exports/1762211926895.json
/app/exports/1762211931888.json
/app/exports/1762211938662.json
/app/exports/1762211960240.json
/app/exports/1762211962775.json
/app/exports/1762212604708.json
/app/exports/1762212701299.json
/app/exports/1762212985096.json
/app/exports/1762212985179.json
/app/exports/1762212987056.json
/app/exports/1762213045692.json
/app/exports/1762213047857.json
/app/exports/1762213119296.json
/app/exports/1762213119399.json
/app/exports/1762213210525.json
/app/exports/1762213210652.json
/app/exports/1762213212582.json
/app/exports/1762213213225.json
/app/exports/1762213216635.json
/app/exports/1762213217087.json
/app/exports/1762213222735.json
/app/exports/1762213223638.json
/app/exports/1762213223730.json
/app/exports/1762213223779.json
/app/exports/1762213225719.json
/app/exports/1762213225838.json
/app/exports/1762213225861.json
/app/exports/1762213226521.json
/app/exports/1762213227736.json
/app/exports/1762213227790.json
/app/exports/1762213227986.json
/app/exports/1762213228925.json


FRONTEND (vitereact) PACKAGE.JSON:
  Scripts: dev, build, lint, preview
  Dependencies: 63 packages
  DevDependencies: 16 packages
  Key Dependencies: @hookform/resolvers, @radix-ui/react-accordion, @radix-ui/react-alert-dialog, @radix-ui/react-aspect-ratio, @radix-ui/react-avatar, @radix-ui/react-checkbox, @radix-ui/react-collapsible, @radix-ui/react-context-menu, @radix-ui/react-dialog, @radix-ui/react-dropdown-menu

BACKEND PACKAGE.JSON:
  Scripts: start, build, dev, test, test:watch, test:coverage
  Dependencies: 13 packages
  Key Dependencies: @electric-sql/pglite, @types/bcryptjs, bcryptjs, cors, dotenv, express, jsonwebtoken, morgan, pg, ts-node

ROOT PACKAGE.JSON:
  Scripts: dev

BACKEND SCHEMA AVAILABLE:
  Location: /app/backend/schema.ts
  Size: 15275 characters
  Contains Zod schemas for type validation

BACKEND SERVER AVAILABLE:
  Location: /app/backend/server.ts
  Size: 34230 characters
  Contains actual API endpoints and implementations

PROTECTED DIRECTORIES (DO NOT MODIFY):
  - /app/vitereact/src/components/ui/** (UI library)
  - /app/node_modules/** (Dependencies)
  - /app/.git/** (Version control)



## Previous Validation Failures for Frontend TypeScript Compilation:
- 6:35:22 PM: 

## Your Task:
1. **Analyze the Error**: Understand what specifically went wrong in the Frontend TypeScript Compilation step
2. **Check Previous Attempts**: Consider if this is a recurring issue based on validation history
3. **Locate the Problem**: Identify which files need to be modified
4. **Apply Fixes**: Use the available tools to fix the specific issues
5. **Focus on Root Cause**: Don't just suppress errors, fix the underlying problems





## Important Notes:
- You are working in a Modal Sandbox environment at /app/vitereact
- Make changes to the actual project files that will be used in the next validation attempt
- Always check packages are installed correctly, if not, install them, npm install
- For TypeScript errors: Fix type issues, missing imports, etc.
- For Build errors: Fix configuration issues, missing dependencies, syntax errors
- For Lint errors: Fix code style issues, unused variables, missing dependencies, etc.
- For Install errors: Fix package.json issues, dependency conflicts, etc.
- For SQL errors: Fix syntax issues, schema problems, foreign key constraints, etc.
- Use your memory context to avoid repeating failed approaches

after you have fixed the issues, run the following commands to make sure there are no errors left:
for typescript errors, run: cd /app/vitereact && npx tsc -b in /app/vitereact, it is important to run this command with -b so npx tsc -b in /app/vitereact
for lint errors run npm run lint in vitereact
for test errors, run: npm test in the appropriate directory (backend or vitereact)
for SQL errors, run: node initdb.js in the backend directory to test database initialization

MAKE SURE TO FIX ALL ERRORS! SMALL AND BIG!


The validation will retry this step after your fixes. Make sure to address the specific error shown above.
